### ISSUE TITLE
Ubuntu 18.04.1 ：A Segmentation fault in /usr/bin/tput

### ISSUE THREAD

**Issue by hanguanggithub** [hanguanggithub/Ubuntu_Bug#2]
### Description

I found a Segmentation fault in  /usr/bin/tput whith fuzz technology. 

Download poc.
[tputPoc.zip](https://github.com/hanguanggithub/Ubuntu_Bug/files/2415026/tputPoc.zip)
```
toor@ubuntu:~/Project/ifuzz/dumps$ ./tputPoc
Segmentation fault (core dumped)
```

Run the poc  with gdb. The following contents is the error info.
```
Program received signal SIGSEGV, Segmentation fault.
[ Legend: Modified register | Code | Heap | Stack | String ]
───────────────────────────────────────────────────────────────────────────────────────────────────────────────────────────────────────────────────────────────────────────────────────────[ registers ]────
$rax   : 0x7ffff7bc67a0      →  0xffffffffffffffff
$rbx   : 0x55555578cba0    
$rcx   : 0x11              
$rdx   : 0x7ffff7bc9031      →  0x003f000031786f62 ("box1"?)
$rsp   : 0x7fffffff46c0      →  0x0000000000000001
$rbp   : 0x0               
$rsi   : 0x0               
$rdi   : 0x7ffff7bc9020      →  0x6d004347544f0056 ("V"?)
$rip   : 0x7ffff7bb9a17      →  <_nc_find_type_entry+103> cmp DWORD PTR [rbx+0x8], ebp
$r8    : 0x55555575c4e0      →  0x00007ffff7bc86e0  →  0x7378006d61007762 ("bw"?)
$r9    : 0x0               
$r10   : 0x555555759010      →  0x0000000000000000
$r11   : 0x1               
$r12   : 0x55555575c4e0      →  0x00007ffff7bc86e0  →  0x7378006d61007762 ("bw"?)
$r13   : 0x7fffffff6e27      →  0x6e256e256e25b8c3
$r14   : 0x7ffff7dd1ba0      →  0x00000000000003e2
$r15   : 0x7fffffff6e27      →  0x6e256e256e25b8c3
$eflags: [zero carry PARITY adjust sign trap INTERRUPT direction overflow RESUME virtualx86 identification]
$ss: 0x002b  $gs: 0x0000  $es: 0x0000  $fs: 0x0000  $cs: 0x0033  $ds: 0x0000  
───────────────────────────────────────────────────────────────────────────────────────────────────────────────────────────────────────────────────────────────────────────────────────────────[ stack ]────
0x00007fffffff46c0│+0x00: 0x0000000000000001	 ← $rsp
0x00007fffffff46c8│+0x08: 0x0000000000000002
0x00007fffffff46d0│+0x10: 0x00007fffffff6e27  →  0x6e256e256e25b8c3
0x00007fffffff46d8│+0x18: 0x0000555555759260  →  0x000055555575a9e0  →  "xterm-256color|xterm with 256 colors"
0x00007fffffff46e0│+0x20: 0x0000000000000001
0x00007fffffff46e8│+0x28: 0x00007ffff7bbd369  →  <tigetflag+41> test rax, rax
0x00007fffffff46f0│+0x30: 0x00007fffffff6e27  →  0x6e256e256e25b8c3
0x00007fffffff46f8│+0x38: 0x0000000000000001
────────────────────────────────────────────────────────────────────────────────────────────────────────────────────────────────────────────────────────────────────────────────────[ code:i386:x86-64 ]────
   0x7ffff7bb9a0d <_nc_find_type_entry+93> movsxd rbx, ebx
   0x7ffff7bb9a10 <_nc_find_type_entry+96> shl    rbx, 0x4
   0x7ffff7bb9a14 <_nc_find_type_entry+100> add    rbx, r12
 → 0x7ffff7bb9a17 <_nc_find_type_entry+103> cmp    DWORD PTR [rbx+0x8], ebp
   0x7ffff7bb9a1a <_nc_find_type_entry+106> jne    0x7ffff7bb9a2a <_nc_find_type_entry+122>
   0x7ffff7bb9a1c <_nc_find_type_entry+108> mov    rsi, r13
   0x7ffff7bb9a1f <_nc_find_type_entry+111> mov    rdi, QWORD PTR [rbx]
   0x7ffff7bb9a22 <_nc_find_type_entry+114> call   QWORD PTR [r14+0x18]
   0x7ffff7bb9a26 <_nc_find_type_entry+118> test   eax, eax
─────────────────────────────────────────────────────────────────────────────────────────────────────────────────────────────────────────────────────────────────────────────────────────────[ threads ]────
[#0] Id 1, Name: "tput", stopped, reason: SIGSEGV
───────────────────────────────────────────────────────────────────────────────────────────────────────────────────────────────────────────────────────────────────────────────────────────────[ trace ]────
[#0] 0x7ffff7bb9a17 → Name: _nc_find_type_entry()
[#1] 0x7ffff7bbd369 → Name: tigetflag()
[#2] 0x555555555cb8 → cmp eax, 0xffffffff
[#3] 0x555555555703 → mov edi, eax
[#4] 0x7ffff77dbb97 → Name: __libc_start_main(main=0x5555555554a0, argc=0x2, argv=0x7fffffff6ab8, init=<optimized out>, fini=<optimized out>, rtld_fini=<optimized out>, stack_end=0x7fffffff6aa8)
[#5] 0x55555555587a → hlt 

```

### System Configuration

```
toor@ubuntu:~/Project/ifuzz/dumps$ uname -a
Linux ubuntu 4.15.0-34-generic #37-Ubuntu SMP Mon Aug 27 15:21:48 UTC 2018 x86_64 x86_64 x86_64 GNU/Linux
```
